SonarQube plugins:
  - Python Code Quality and Security 3.2.0.7856 (python)
  - CSS Code Quality and Security 1.3.2.1782 (cssfamily)
  - Go Code Quality and Security 1.8.2.1946 (go)
  - JaCoCo 1.1.0.898 (jacoco)
  - Kotlin Code Quality and Security 1.8.2.1946 (kotlin)
  - JavaScript/TypeScript Code Quality and Security 7.2.0.14938 (javascript)
  - Ruby Code Quality and Security 1.8.2.1946 (ruby)
  - Scala Code Quality and Security 1.8.2.1946 (sonarscala)
  - C# Code Quality and Security 8.18.0.27296 (csharp)
  - Java Code Quality and Security 6.12.0.24852 (java)
  - HTML Code Quality and Security 3.3.0.2534 (web)
  - Flex Code Quality and Security 2.6.0.2294 (flex)
  - SonarXML 2.0.1.2020 (xml)
  - PHP Code Quality and Security 3.15.0.7197 (php)
  - VB.NET Code Quality and Security 8.18.0.27296 (vbnet)
Global server settings:
  - sonar.core.id=BF41A1F2-AY3QE4Ca3fr_-EFLAP7r
  - sonar.core.startTime=2024-02-22T09:09:12+0000
  - sonar.forceAuthentication=true
Project server settings:
Project scanner properties:
  - sonar.host.url=http://localhost:8084
  - sonar.login=******
  - sonar.projectBaseDir=/Users/umarhyatt/Downloads/WebGoat
  - sonar.projectKey=webgoattest
  - sonar.scanner.app=ScannerCLI
  - sonar.scanner.appVersion=5.0.1.3006
  - sonar.sourceEncoding=UTF-8
  - sonar.sources=.
  - sonar.verbose=true
  - sonar.working.directory=/Users/umarhyatt/Downloads/WebGoat/.scannerwork
